<?xml version="1.0" encoding="utf-8"?><testsuites name="pytest tests"><testsuite name="pytest" errors="2" failures="6" skipped="7" tests="17" time="4.757" timestamp="2026-02-07T06:24:47.017848+00:00" hostname="agent-env-fe1b9521-37c8-4f0f-81da-33e6644ee345"><testcase classname="backend.tests.test_client_projects.TestHealthCheck" name="test_api_health" time="0.078" /><testcase classname="backend.tests.test_client_projects.TestAdminAuthentication" name="test_admin_login_success" time="0.268"><failure message="AssertionError: assert 'token' in {'access_token': 'eyJhbGciOiJIUzI1NiIsInR5cCI6IkpXVCJ9.eyJzdWIiOiI2OTg2ZDllOTZhZGVmYjA2MTZlYTYzYzkiLCJyb2xlIjoiY2xpZW50IiwiZXhwIjoxNzcwNTMxODg3fQ.e6FI_lS_iCH4us25fKuMclbW7hIdFe6zIRCKDnxytQk', 'token_type': 'bearer', 'user': {'created_at': '2026-02-07T06:21:29.606000', 'email': 'crownccreative@gmail.com', 'id': '6986d9e96adefb0616ea63c9', 'name': 'CCC Admin', ...}}">backend/tests/test_client_projects.py:65: in test_admin_login_success
    assert "token" in data
E   AssertionError: assert 'token' in {'access_token': 'eyJhbGciOiJIUzI1NiIsInR5cCI6IkpXVCJ9.eyJzdWIiOiI2OTg2ZDllOTZhZGVmYjA2MTZlYTYzYzkiLCJyb2xlIjoiY2xpZW50IiwiZXhwIjoxNzcwNTMxODg3fQ.e6FI_lS_iCH4us25fKuMclbW7hIdFe6zIRCKDnxytQk', 'token_type': 'bearer', 'user': {'created_at': '2026-02-07T06:21:29.606000', 'email': 'crownccreative@gmail.com', 'id': '6986d9e96adefb0616ea63c9', 'name': 'CCC Admin', ...}}</failure></testcase><testcase classname="backend.tests.test_client_projects.TestAdminAuthentication" name="test_check_admin_endpoint_for_admin" time="0.261"><failure message="AssertionError: Admin login failed&#10;assert None is not None">backend/tests/test_client_projects.py:73: in test_check_admin_endpoint_for_admin
    assert token is not None, "Admin login failed"
E   AssertionError: Admin login failed
E   assert None is not None</failure></testcase><testcase classname="backend.tests.test_client_projects.TestClientAuthentication" name="test_client_login_success" time="0.259"><failure message="AssertionError: assert 'token' in {'access_token': 'eyJhbGciOiJIUzI1NiIsInR5cCI6IkpXVCJ9.eyJzdWIiOiI2OTg2ZDlkYTZhZGVmYjA2MTZlYTYzYzgiLCJyb2xlIjoiY2xpZW50IiwiZXhwIjoxNzcwNTMxODg4fQ.Je8Uqluh5daWypYYpR7m1dD3-YjaoU_6Wv3Gtvf-FN0', 'token_type': 'bearer', 'user': {'created_at': '2026-02-07T06:21:14.515000', 'email': 'testclient@example.com', 'id': '6986d9da6adefb0616ea63c8', 'name': 'Test Client', ...}}">backend/tests/test_client_projects.py:96: in test_client_login_success
    assert "token" in data
E   AssertionError: assert 'token' in {'access_token': 'eyJhbGciOiJIUzI1NiIsInR5cCI6IkpXVCJ9.eyJzdWIiOiI2OTg2ZDlkYTZhZGVmYjA2MTZlYTYzYzgiLCJyb2xlIjoiY2xpZW50IiwiZXhwIjoxNzcwNTMxODg4fQ.Je8Uqluh5daWypYYpR7m1dD3-YjaoU_6Wv3Gtvf-FN0', 'token_type': 'bearer', 'user': {'created_at': '2026-02-07T06:21:14.515000', 'email': 'testclient@example.com', 'id': '6986d9da6adefb0616ea63c8', 'name': 'Test Client', ...}}</failure></testcase><testcase classname="backend.tests.test_client_projects.TestClientAuthentication" name="test_check_admin_endpoint_for_client" time="0.298"><failure message="AssertionError: Client login failed&#10;assert None is not None">backend/tests/test_client_projects.py:103: in test_check_admin_endpoint_for_client
    assert token is not None, "Client login failed"
E   AssertionError: Client login failed
E   assert None is not None</failure></testcase><testcase classname="backend.tests.test_client_projects.TestAdminOnlyEndpoints" name="test_get_all_clients_as_admin" time="0.260"><failure message="AssertionError: Admin login failed&#10;assert None is not None">backend/tests/test_client_projects.py:120: in test_get_all_clients_as_admin
    assert token is not None, "Admin login failed"
E   AssertionError: Admin login failed
E   assert None is not None</failure></testcase><testcase classname="backend.tests.test_client_projects.TestAdminOnlyEndpoints" name="test_get_all_clients_as_client_denied" time="0.257"><failure message="AssertionError: Client login failed&#10;assert None is not None">backend/tests/test_client_projects.py:134: in test_get_all_clients_as_client_denied
    assert token is not None, "Client login failed"
E   AssertionError: Client login failed
E   assert None is not None</failure></testcase><testcase classname="backend.tests.test_client_projects.TestAdminOnlyEndpoints" name="test_get_all_clients_unauthenticated_denied" time="0.039" /><testcase classname="backend.tests.test_client_projects.TestClientProjectCRUD" name="test_get_client_project_as_admin" time="0.262"><error message="failed on setup with &quot;AssertionError: Admin login failed&#10;assert None is not None&#10; +  where None = &lt;test_client_projects.TestClientProjectCRUD object at 0xfe93e337f1d0&gt;.admin_token&quot;">backend/tests/test_client_projects.py:157: in setup
    assert self.admin_token is not None, "Admin login failed"
E   AssertionError: Admin login failed
E   assert None is not None
E    +  where None = &lt;test_client_projects.TestClientProjectCRUD object at 0xfe93e337f1d0&gt;.admin_token</error></testcase><testcase classname="backend.tests.test_client_projects.TestClientProjectCRUD" name="test_update_client_project_status" time="0.259"><error message="failed on setup with &quot;AssertionError: Admin login failed&#10;assert None is not None&#10; +  where None = &lt;test_client_projects.TestClientProjectCRUD object at 0xfe93e337f810&gt;.admin_token&quot;">backend/tests/test_client_projects.py:157: in setup
    assert self.admin_token is not None, "Admin login failed"
E   AssertionError: Admin login failed
E   assert None is not None
E    +  where None = &lt;test_client_projects.TestClientProjectCRUD object at 0xfe93e337f810&gt;.admin_token</error></testcase><testcase classname="backend.tests.test_client_projects.TestNextStepsManagement" name="test_add_next_step_as_admin" time="0.513"><skipped type="pytest.skip" message="Client user ID not available">/app/backend/tests/test_client_projects.py:256: Client user ID not available</skipped></testcase><testcase classname="backend.tests.test_client_projects.TestNextStepsManagement" name="test_remove_next_step_as_admin" time="0.525"><skipped type="pytest.skip" message="Client user ID not available">/app/backend/tests/test_client_projects.py:281: Client user ID not available</skipped></testcase><testcase classname="backend.tests.test_client_projects.TestClientEndpoints" name="test_get_my_project" time="0.257"><skipped type="pytest.skip" message="Client login failed">/app/backend/tests/test_client_projects.py:326: Client login failed</skipped></testcase><testcase classname="backend.tests.test_client_projects.TestClientEndpoints" name="test_toggle_next_step_completion" time="0.259"><skipped type="pytest.skip" message="Client login failed">/app/backend/tests/test_client_projects.py:343: Client login failed</skipped></testcase><testcase classname="backend.tests.test_client_projects.TestAccessControlDenials" name="test_client_cannot_access_admin_clients" time="0.259"><skipped type="pytest.skip" message="Client login failed">/app/backend/tests/test_client_projects.py:404: Client login failed</skipped></testcase><testcase classname="backend.tests.test_client_projects.TestAccessControlDenials" name="test_client_cannot_update_other_project" time="0.262"><skipped type="pytest.skip" message="Client login failed">/app/backend/tests/test_client_projects.py:417: Client login failed</skipped></testcase><testcase classname="backend.tests.test_client_projects.TestAccessControlDenials" name="test_client_cannot_add_step_via_admin_endpoint" time="0.257"><skipped type="pytest.skip" message="Client login failed">/app/backend/tests/test_client_projects.py:434: Client login failed</skipped></testcase></testsuite></testsuites>