<?xml version="1.0" encoding="utf-8"?><testsuites name="pytest tests"><testsuite name="pytest" errors="0" failures="0" skipped="0" tests="17" time="6.496" timestamp="2026-02-07T06:25:11.241447+00:00" hostname="agent-env-fe1b9521-37c8-4f0f-81da-33e6644ee345"><testcase classname="backend.tests.test_client_projects.TestHealthCheck" name="test_api_health" time="0.057" /><testcase classname="backend.tests.test_client_projects.TestAdminAuthentication" name="test_admin_login_success" time="0.264" /><testcase classname="backend.tests.test_client_projects.TestAdminAuthentication" name="test_check_admin_endpoint_for_admin" time="0.334" /><testcase classname="backend.tests.test_client_projects.TestClientAuthentication" name="test_client_login_success" time="0.260" /><testcase classname="backend.tests.test_client_projects.TestClientAuthentication" name="test_check_admin_endpoint_for_client" time="0.299" /><testcase classname="backend.tests.test_client_projects.TestAdminOnlyEndpoints" name="test_get_all_clients_as_admin" time="0.297" /><testcase classname="backend.tests.test_client_projects.TestAdminOnlyEndpoints" name="test_get_all_clients_as_client_denied" time="0.295" /><testcase classname="backend.tests.test_client_projects.TestAdminOnlyEndpoints" name="test_get_all_clients_unauthenticated_denied" time="0.032" /><testcase classname="backend.tests.test_client_projects.TestClientProjectCRUD" name="test_get_client_project_as_admin" time="0.596" /><testcase classname="backend.tests.test_client_projects.TestClientProjectCRUD" name="test_update_client_project_status" time="0.675" /><testcase classname="backend.tests.test_client_projects.TestNextStepsManagement" name="test_add_next_step_as_admin" time="0.633" /><testcase classname="backend.tests.test_client_projects.TestNextStepsManagement" name="test_remove_next_step_as_admin" time="0.632" /><testcase classname="backend.tests.test_client_projects.TestClientEndpoints" name="test_get_my_project" time="0.339" /><testcase classname="backend.tests.test_client_projects.TestClientEndpoints" name="test_toggle_next_step_completion" time="0.766" /><testcase classname="backend.tests.test_client_projects.TestAccessControlDenials" name="test_client_cannot_access_admin_clients" time="0.337" /><testcase classname="backend.tests.test_client_projects.TestAccessControlDenials" name="test_client_cannot_update_other_project" time="0.309" /><testcase classname="backend.tests.test_client_projects.TestAccessControlDenials" name="test_client_cannot_add_step_via_admin_endpoint" time="0.294" /></testsuite></testsuites>